

==================================================


==================================================
🚀 NEW SESSION STARTED: 2026-03-08 11:30:49
==================================================
[11:32:50] TELEMETRY REPORT |
  -> Elapsed Time : 121.48 s
  -> Total Bytes  : 130 B
  -> Goodput      : 8.56 bps (0.01 kbps)
  -> TX Attempts  : 6
  -> Packet Drops : 4 (66.7% Drop Rate)
  -> Average RTT  : 27.46 sec/packet
--------------------------------------------------


==================================================
🚀 NEW SESSION STARTED: 2026-03-08 11:58:59
==================================================


==================================================
🚀 NEW SESSION STARTED: 2026-03-08 12:00:47
==================================================


==================================================
🚀 NEW SESSION STARTED: 2026-03-08 12:07:13
==================================================


==================================================
🚀 NEW SESSION STARTED: 2026-03-08 12:12:41
==================================================


==================================================
🚀 NEW SESSION STARTED: 2026-03-08 12:16:11
==================================================


==================================================
🚀 NEW SESSION STARTED: 2026-03-08 12:17:41
==================================================


==================================================
🚀 NEW SESSION STARTED: 2026-03-08 12:20:17
==================================================


==================================================
🚀 NEW SESSION STARTED: 2026-03-08 12:21:30
==================================================


==================================================
🚀 NEW SESSION STARTED: 2026-03-08 12:25:04
==================================================
[12:26:18] TELEMETRY REPORT |
  -> Elapsed Time : 74.21 s
  -> Total Bytes  : 352 B
  -> Goodput      : 37.95 bps (0.04 kbps)
  -> TX Attempts  : 6
  -> Packet Drops : 4 (66.7% Drop Rate)
  -> Average RTT  : 29.28 sec/packet
--------------------------------------------------
[12:27:45] TELEMETRY REPORT |
  -> Elapsed Time : 161.14 s
  -> Total Bytes  : 704 B
  -> Goodput      : 34.95 bps (0.03 kbps)
  -> TX Attempts  : 14
  -> Packet Drops : 10 (71.4% Drop Rate)
  -> Average RTT  : 22.28 sec/packet
--------------------------------------------------
[12:28:26] TELEMETRY REPORT |
  -> Elapsed Time : 202.18 s
  -> Total Bytes  : 1056 B
  -> Goodput      : 41.78 bps (0.04 kbps)
  -> TX Attempts  : 18
  -> Packet Drops : 12 (66.7% Drop Rate)
  -> Average RTT  : 21.69 sec/packet
--------------------------------------------------
[12:30:27] TELEMETRY REPORT |
  -> Elapsed Time : 323.03 s
  -> Total Bytes  : 1408 B
  -> Goodput      : 34.87 bps (0.03 kbps)
  -> TX Attempts  : 30
  -> Packet Drops : 22 (73.3% Drop Rate)
  -> Average RTT  : 24.92 sec/packet
--------------------------------------------------


==================================================
🚀 NEW SESSION STARTED: 2026-03-08 12:34:57
==================================================
[12:35:42] TELEMETRY REPORT |
  -> Elapsed Time : 45.30 s
  -> Total Bytes  : 376 B
  -> Goodput      : 66.41 bps (0.07 kbps)
  -> TX Attempts  : 4
  -> Packet Drops : 2 (50.0% Drop Rate)
  -> Average RTT  : 19.31 sec/packet
--------------------------------------------------
[12:36:12] TELEMETRY REPORT |
  -> Elapsed Time : 75.71 s
  -> Total Bytes  : 752 B
  -> Goodput      : 79.46 bps (0.08 kbps)
  -> TX Attempts  : 7
  -> Packet Drops : 3 (42.9% Drop Rate)
  -> Average RTT  : 17.26 sec/packet
--------------------------------------------------
[12:36:39] TELEMETRY REPORT |
  -> Elapsed Time : 102.57 s
  -> Total Bytes  : 1128 B
  -> Goodput      : 87.98 bps (0.09 kbps)
  -> TX Attempts  : 10
  -> Packet Drops : 4 (40.0% Drop Rate)
  -> Average RTT  : 15.98 sec/packet
--------------------------------------------------
[12:37:41] TELEMETRY REPORT |
  -> Elapsed Time : 164.76 s
  -> Total Bytes  : 1504 B
  -> Goodput      : 73.03 bps (0.07 kbps)
  -> TX Attempts  : 16
  -> Packet Drops : 8 (50.0% Drop Rate)
  -> Average RTT  : 19.76 sec/packet
--------------------------------------------------
[12:38:01] TELEMETRY REPORT |
  -> Elapsed Time : 184.02 s
  -> Total Bytes  : 1880 B
  -> Goodput      : 81.73 bps (0.08 kbps)
  -> TX Attempts  : 18
  -> Packet Drops : 8 (44.4% Drop Rate)
  -> Average RTT  : 17.73 sec/packet
--------------------------------------------------


==================================================
🚀 NEW SESSION STARTED: 2026-03-08 12:41:37
==================================================
[12:42:20] TELEMETRY REPORT |
  -> Elapsed Time : 42.99 s
  -> Total Bytes  : 376 B
  -> Goodput      : 69.97 bps (0.07 kbps)
  -> TX Attempts  : 4
  -> Packet Drops : 2 (50.0% Drop Rate)
  -> Average RTT  : 18.37 sec/packet
--------------------------------------------------
[12:42:49] TELEMETRY REPORT |
  -> Elapsed Time : 72.60 s
  -> Total Bytes  : 752 B
  -> Goodput      : 82.87 bps (0.08 kbps)
  -> TX Attempts  : 7
  -> Packet Drops : 3 (42.9% Drop Rate)
  -> Average RTT  : 16.59 sec/packet
--------------------------------------------------


==================================================
🚀 NEW SESSION STARTED: 2026-03-08 12:43:07
==================================================
[12:44:21] TELEMETRY REPORT |
  -> Elapsed Time : 73.93 s
  -> Total Bytes  : 470 B
  -> Goodput      : 50.86 bps (0.05 kbps)
  -> TX Attempts  : 5
  -> Packet Drops : 3 (60.0% Drop Rate)
  -> Average RTT  : 24.00 sec/packet
--------------------------------------------------
[12:45:18] TELEMETRY REPORT |
  -> Elapsed Time : 131.25 s
  -> Total Bytes  : 940 B
  -> Goodput      : 57.30 bps (0.06 kbps)
  -> TX Attempts  : 11
  -> Packet Drops : 7 (63.6% Drop Rate)
  -> Average RTT  : 26.33 sec/packet
--------------------------------------------------
[12:45:49] TELEMETRY REPORT |
  -> Elapsed Time : 162.07 s
  -> Total Bytes  : 1410 B
  -> Goodput      : 69.60 bps (0.07 kbps)
  -> TX Attempts  : 14
  -> Packet Drops : 8 (57.1% Drop Rate)
  -> Average RTT  : 22.69 sec/packet
--------------------------------------------------


==================================================
🚀 NEW SESSION STARTED: 2026-03-08 13:25:16
==================================================


==================================================
🚀 NEW SESSION STARTED: 2026-03-08 13:57:22
==================================================
[13:59:16] TELEMETRY REPORT |
  -> Elapsed Time : 114.32 s
  -> Total Bytes  : 2388 B
  -> Goodput      : 167.11 bps (0.17 kbps)
  -> TX Attempts  : 7
  -> Packet Drops : 5 (71.4% Drop Rate)
  -> Average RTT  : 42.02 sec/packet
--------------------------------------------------
[14:00:04] TELEMETRY REPORT |
  -> Elapsed Time : 162.50 s
  -> Total Bytes  : 4776 B
  -> Goodput      : 235.13 bps (0.24 kbps)
  -> TX Attempts  : 11
  -> Packet Drops : 7 (63.6% Drop Rate)
  -> Average RTT  : 33.05 sec/packet
--------------------------------------------------
[14:03:39] TELEMETRY REPORT |
  -> Elapsed Time : 377.13 s
  -> Total Bytes  : 7164 B
  -> Goodput      : 151.97 bps (0.15 kbps)
  -> TX Attempts  : 28
  -> Packet Drops : 22 (78.6% Drop Rate)
  -> Average RTT  : 36.26 sec/packet
--------------------------------------------------


==================================================
🚀 NEW SESSION STARTED: 2026-03-08 15:07:17
==================================================


==================================================
🚀 NEW SESSION STARTED: 2026-03-08 15:08:01
==================================================


==================================================
🚀 NEW SESSION STARTED: 2026-03-08 15:09:38
==================================================


==================================================
🚀 NEW SESSION STARTED: 2026-03-08 15:13:31
==================================================


==================================================
🚀 NEW SESSION STARTED: 2026-03-08 15:15:20
==================================================


==================================================
🚀 NEW SESSION STARTED: 2026-03-08 15:18:01
==================================================


==================================================
🚀 NEW SESSION STARTED: 2026-03-08 15:20:23
==================================================


==================================================
🚀 NEW SESSION STARTED: 2026-03-08 15:23:29
==================================================

GGGGGG
==================================================
🚀 NEW SESSION STARTED: 2026-03-08 15:24:41
==================================================
[15:25:43] TELEMETRY REPORT |
  -> Elapsed Time : 61.71 s
  -> Total Bytes  : 4434 B
  -> Goodput      : 574.77 bps (0.57 kbps)
  -> TX Attempts  : 4
  -> Packet Drops : 2 (50.0% Drop Rate)
  -> Average RTT  : 27.31 sec/packet
--------------------------------------------------
[15:26:37] TELEMETRY REPORT |
  -> Elapsed Time : 115.69 s
  -> Total Bytes  : 8868 B
  -> Goodput      : 613.22 bps (0.61 kbps)
  -> TX Attempts  : 8
  -> Packet Drops : 4 (50.0% Drop Rate)
  -> Average RTT  : 27.15 sec/packet
--------------------------------------------------
[15:27:05] TELEMETRY REPORT |
  -> Elapsed Time : 144.00 s
  -> Total Bytes  : 13302 B
  -> Goodput      : 739.02 bps (0.74 kbps)
  -> TX Attempts  : 10
  -> Packet Drops : 4 (40.0% Drop Rate)
  -> Average RTT  : 22.82 sec/packet
--------------------------------------------------
[15:28:02] TELEMETRY REPORT |
  -> Elapsed Time : 200.24 s
  -> Total Bytes  : 17700 B
  -> Goodput      : 707.14 bps (0.71 kbps)
  -> TX Attempts  : 14
  -> Packet Drops : 6 (42.9% Drop Rate)
  -> Average RTT  : 24.14 sec/packet
--------------------------------------------------


==================================================
🚀 NEW SESSION STARTED: 2026-03-08 15:29:10
==================================================


==================================================
🚀 NEW SESSION STARTED: 2026-03-08 15:29:27
==================================================


==================================================
🚀 NEW SESSION STARTED: 2026-03-08 15:33:02
==================================================


==================================================
🚀 NEW SESSION STARTED: 2026-03-08 15:34:03
==================================================


==================================================
🚀 NEW SESSION STARTED: 2026-03-08 15:36:05
==================================================


==================================================
🚀 NEW SESSION STARTED: 2026-03-08 15:37:14
==================================================


==================================================
🚀 NEW SESSION STARTED: 2026-03-08 15:38:21
==================================================


==================================================
🚀 NEW SESSION STARTED: 2026-03-08 15:40:36
==================================================
[15:41:08] TELEMETRY REPORT |
  -> Elapsed Time : 31.63 s
  -> Total Bytes  : 4434 B
  -> Goodput      : 1121.64 bps (1.12 kbps)
  -> TX Attempts  : 2
  -> Packet Drops : 0 (0.0% Drop Rate)
  -> Average RTT  : 12.25 sec/packet
--------------------------------------------------
[15:41:34] TELEMETRY REPORT |
  -> Elapsed Time : 57.52 s
  -> Total Bytes  : 8868 B
  -> Goodput      : 1233.46 bps (1.23 kbps)
  -> TX Attempts  : 4
  -> Packet Drops : 0 (0.0% Drop Rate)
  -> Average RTT  : 12.60 sec/packet
--------------------------------------------------
[15:42:03] TELEMETRY REPORT |
  -> Elapsed Time : 86.87 s
  -> Total Bytes  : 13302 B
  -> Goodput      : 1225.01 bps (1.23 kbps)
  -> TX Attempts  : 6
  -> Packet Drops : 0 (0.0% Drop Rate)
  -> Average RTT  : 13.29 sec/packet
--------------------------------------------------
[15:42:59] TELEMETRY REPORT |
  -> Elapsed Time : 143.12 s
  -> Total Bytes  : 17700 B
  -> Goodput      : 989.38 bps (0.99 kbps)
  -> TX Attempts  : 10
  -> Packet Drops : 2 (20.0% Drop Rate)
  -> Average RTT  : 17.00 sec/packet
--------------------------------------------------


==================================================
🚀 NEW SESSION STARTED: 2026-03-08 16:26:37
==================================================


==================================================
🚀 NEW SESSION STARTED: 2026-03-08 16:31:22
==================================================
[16:32:08] TELEMETRY REPORT |
  -> Elapsed Time : 45.98 s
  -> Total Bytes  : 4434 B
  -> Goodput      : 771.48 bps (0.77 kbps)
  -> TX Attempts  : 3
  -> Packet Drops : 1 (33.3% Drop Rate)
  -> Average RTT  : 18.70 sec/packet
--------------------------------------------------


==================================================
🚀 NEW SESSION STARTED: 2026-03-08 16:34:47
==================================================


==================================================
🚀 NEW SESSION STARTED: 2026-03-08 16:35:58
==================================================


==================================================
🚀 NEW SESSION STARTED: 2026-03-08 16:40:13
==================================================


==================================================
🚀 NEW SESSION STARTED: 2026-03-09 12:39:01
==================================================
[12:39:53] TELEMETRY REPORT |
  -> Elapsed Time : 52.20 s
  -> Total Bytes  : 4434 B
  -> Goodput      : 679.55 bps (0.68 kbps)
  -> TX Attempts  : 2
  -> Packet Drops : 0 (0.0% Drop Rate)
  -> Average RTT  : 9.64 sec/packet
--------------------------------------------------
[12:40:42] TELEMETRY REPORT |
  -> Elapsed Time : 100.69 s
  -> Total Bytes  : 8868 B
  -> Goodput      : 704.56 bps (0.70 kbps)
  -> TX Attempts  : 6
  -> Packet Drops : 2 (33.3% Drop Rate)
  -> Average RTT  : 16.94 sec/packet
--------------------------------------------------
[12:41:14] TELEMETRY REPORT |
  -> Elapsed Time : 132.94 s
  -> Total Bytes  : 13302 B
  -> Goodput      : 800.46 bps (0.80 kbps)
  -> TX Attempts  : 9
  -> Packet Drops : 3 (33.3% Drop Rate)
  -> Average RTT  : 16.67 sec/packet
--------------------------------------------------
[12:41:36] TELEMETRY REPORT |
  -> Elapsed Time : 155.09 s
  -> Total Bytes  : 17700 B
  -> Goodput      : 913.04 bps (0.91 kbps)
  -> TX Attempts  : 11
  -> Packet Drops : 3 (27.3% Drop Rate)
  -> Average RTT  : 15.27 sec/packet
--------------------------------------------------


==================================================
🚀 NEW SESSION STARTED: 2026-03-09 12:43:47
==================================================


==================================================
🚀 NEW SESSION STARTED: 2026-03-09 12:44:47
==================================================


==================================================
🚀 NEW SESSION STARTED: 2026-03-09 12:52:57
==================================================


==================================================
🚀 NEW SESSION STARTED: 2026-03-09 12:58:37
==================================================


==================================================
🚀 NEW SESSION STARTED: 2026-03-09 12:59:31
==================================================


==================================================
🚀 NEW SESSION STARTED: 2026-03-09 13:00:02
==================================================


==================================================
🚀 NEW SESSION STARTED: 2026-03-09 13:34:21
==================================================


==================================================
🚀 NEW SESSION STARTED: 2026-03-09 13:34:48
==================================================


==================================================
🚀 NEW SESSION STARTED: 2026-03-09 13:46:53
==================================================


==================================================
🚀 NEW SESSION STARTED: 2026-03-09 13:55:54
==================================================


==================================================
🚀 NEW SESSION STARTED: 2026-03-09 13:57:19
==================================================


==================================================
🚀 NEW SESSION STARTED: 2026-03-09 13:59:26
==================================================


==================================================
🚀 NEW SESSION STARTED: 2026-03-09 14:16:48
==================================================


==================================================
🚀 NEW SESSION STARTED: 2026-03-09 14:22:46
==================================================


==================================================
🚀 NEW SESSION STARTED: 2026-03-09 14:42:24
==================================================


==================================================
🚀 NEW SESSION STARTED: 2026-03-09 14:45:10
==================================================


==================================================
🚀 NEW SESSION STARTED: 2026-03-09 16:01:17
==================================================


==================================================
🚀 NEW SESSION STARTED: 2026-03-09 16:09:04
==================================================
[16:10:49] TELEMETRY REPORT |
  -> Elapsed Time : 104.76 s
  -> Total Bytes  : 4434 B
  -> Goodput      : 338.61 bps (0.34 kbps)
  -> TX Attempts  : 4
  -> Packet Drops : 2 (50.0% Drop Rate)
  -> Average RTT  : 27.23 sec/packet
--------------------------------------------------


==================================================
🚀 NEW SESSION STARTED: 2026-03-09 16:16:54
==================================================


==================================================
🚀 NEW SESSION STARTED: 2026-03-09 16:20:01
==================================================


==================================================
🚀 NEW SESSION STARTED: 2026-03-09 16:30:06
==================================================


==================================================
🚀 NEW SESSION STARTED: 2026-03-09 16:37:54
==================================================


==================================================
🚀 NEW SESSION STARTED: 2026-03-09 16:40:28
==================================================


==================================================
🚀 NEW SESSION STARTED: 2026-03-09 16:45:51
==================================================
[16:50:32] TELEMETRY REPORT |
  -> Elapsed Time : 280.53 s
  -> Total Bytes  : 4434 B
  -> Goodput      : 126.45 bps (0.13 kbps)
  -> TX Attempts  : 5
  -> Packet Drops : 3 (60.0% Drop Rate)
  -> Average RTT  : 32.23 sec/packet
--------------------------------------------------
[16:50:58] TELEMETRY REPORT |
  -> Elapsed Time : 306.22 s
  -> Total Bytes  : 8868 B
  -> Goodput      : 231.68 bps (0.23 kbps)
  -> TX Attempts  : 7
  -> Packet Drops : 3 (42.9% Drop Rate)
  -> Average RTT  : 22.54 sec/packet
--------------------------------------------------
[16:51:34] TELEMETRY REPORT |
  -> Elapsed Time : 342.38 s
  -> Total Bytes  : 13302 B
  -> Goodput      : 310.81 bps (0.31 kbps)
  -> TX Attempts  : 10
  -> Packet Drops : 4 (40.0% Drop Rate)
  -> Average RTT  : 21.05 sec/packet
--------------------------------------------------
[16:52:08] TELEMETRY REPORT |
  -> Elapsed Time : 376.74 s
  -> Total Bytes  : 17700 B
  -> Goodput      : 375.86 bps (0.38 kbps)
  -> TX Attempts  : 13
  -> Packet Drops : 5 (38.5% Drop Rate)
  -> Average RTT  : 20.08 sec/packet
--------------------------------------------------


==================================================
🚀 NEW SESSION STARTED: 2026-03-09 16:57:28
==================================================


==================================================
🚀 NEW SESSION STARTED: 2026-03-09 16:59:53
==================================================
[17:01:12] TELEMETRY REPORT |
  -> Elapsed Time : 79.08 s
  -> Total Bytes  : 4434 B
  -> Goodput      : 448.57 bps (0.45 kbps)
  -> TX Attempts  : 3
  -> Packet Drops : 1 (33.3% Drop Rate)
  -> Average RTT  : 17.70 sec/packet
--------------------------------------------------
[17:01:47] TELEMETRY REPORT |
  -> Elapsed Time : 113.81 s
  -> Total Bytes  : 8868 B
  -> Goodput      : 623.36 bps (0.62 kbps)
  -> TX Attempts  : 6
  -> Packet Drops : 2 (33.3% Drop Rate)
  -> Average RTT  : 17.53 sec/packet
--------------------------------------------------
[17:03:13] TELEMETRY REPORT |
  -> Elapsed Time : 199.92 s
  -> Total Bytes  : 13302 B
  -> Goodput      : 532.29 bps (0.53 kbps)
  -> TX Attempts  : 12
  -> Packet Drops : 6 (50.0% Drop Rate)
  -> Average RTT  : 26.04 sec/packet
--------------------------------------------------
[17:04:04] TELEMETRY REPORT |
  -> Elapsed Time : 250.39 s
  -> Total Bytes  : 17700 B
  -> Goodput      : 565.53 bps (0.57 kbps)
  -> TX Attempts  : 16
  -> Packet Drops : 8 (50.0% Drop Rate)
  -> Average RTT  : 25.84 sec/packet
--------------------------------------------------


==================================================
🚀 NEW SESSION STARTED: 2026-03-09 17:13:34
==================================================


==================================================
🚀 NEW SESSION STARTED: 2026-03-09 17:19:58
==================================================


==================================================
🚀 NEW SESSION STARTED: 2026-03-09 17:20:32
==================================================


==================================================
🚀 NEW SESSION STARTED: 2026-03-09 17:24:41
==================================================


==================================================
🚀 NEW SESSION STARTED: 2026-03-09 17:26:44
==================================================


==================================================
🚀 NEW SESSION STARTED: 2026-03-09 17:27:38
==================================================


==================================================
🚀 NEW SESSION STARTED: 2026-03-09 17:33:29
==================================================


==================================================
🚀 NEW SESSION STARTED: 2026-03-11 11:11:35
==================================================
[11:13:26] TELEMETRY REPORT |
  -> Elapsed Time : 110.40 s
  -> Total Bytes  : 4434 B
  -> Goodput      : 321.31 bps (0.32 kbps)
  -> TX Attempts  : 4
  -> Packet Drops : 2 (50.0% Drop Rate)
  -> Average RTT  : 26.93 sec/packet
--------------------------------------------------
[11:13:45] TELEMETRY REPORT |
  -> Elapsed Time : 129.96 s
  -> Total Bytes  : 8868 B
  -> Goodput      : 545.89 bps (0.55 kbps)
  -> TX Attempts  : 6
  -> Packet Drops : 2 (33.3% Drop Rate)
  -> Average RTT  : 18.35 sec/packet
--------------------------------------------------
[11:14:04] TELEMETRY REPORT |
  -> Elapsed Time : 148.97 s
  -> Total Bytes  : 13302 B
  -> Goodput      : 714.35 bps (0.71 kbps)
  -> TX Attempts  : 8
  -> Packet Drops : 2 (25.0% Drop Rate)
  -> Average RTT  : 15.40 sec/packet
--------------------------------------------------
[11:14:26] TELEMETRY REPORT |
  -> Elapsed Time : 170.49 s
  -> Total Bytes  : 17700 B
  -> Goodput      : 830.54 bps (0.83 kbps)
  -> TX Attempts  : 10
  -> Packet Drops : 2 (20.0% Drop Rate)
  -> Average RTT  : 14.24 sec/packet
--------------------------------------------------


==================================================
🚀 NEW SESSION STARTED: 2026-03-11 11:49:01
==================================================


==================================================
🚀 NEW SESSION STARTED: 2026-03-11 11:49:33
==================================================


==================================================
🚀 NEW SESSION STARTED: 2026-03-11 11:54:33
==================================================


==================================================
🚀 NEW SESSION STARTED: 2026-03-11 11:56:44
==================================================


==================================================
🚀 NEW SESSION STARTED: 2026-03-11 11:59:41
==================================================


==================================================
🚀 NEW SESSION STARTED: 2026-03-11 12:09:40
==================================================


==================================================
🚀 NEW SESSION STARTED: 2026-03-11 12:15:28
==================================================
[12:15:56] TELEMETRY REPORT |
  -> Elapsed Time : 28.00 s
  -> Total Bytes  : 4434 B
  -> Goodput      : 1267.01 bps (1.27 kbps)
  -> TX Attempts  : 2
  -> Packet Drops : 0 (0.0% Drop Rate)
  -> Average RTT  : 8.44 sec/packet
--------------------------------------------------
[12:16:15] TELEMETRY REPORT |
  -> Elapsed Time : 46.88 s
  -> Total Bytes  : 8868 B
  -> Goodput      : 1513.29 bps (1.51 kbps)
  -> TX Attempts  : 4
  -> Packet Drops : 0 (0.0% Drop Rate)
  -> Average RTT  : 8.94 sec/packet
--------------------------------------------------
[12:16:49] TELEMETRY REPORT |
  -> Elapsed Time : 81.43 s
  -> Total Bytes  : 13302 B
  -> Goodput      : 1306.77 bps (1.31 kbps)
  -> TX Attempts  : 7
  -> Packet Drops : 1 (14.3% Drop Rate)
  -> Average RTT  : 11.72 sec/packet
--------------------------------------------------
[12:17:55] TELEMETRY REPORT |
  -> Elapsed Time : 147.29 s
  -> Total Bytes  : 17700 B
  -> Goodput      : 961.37 bps (0.96 kbps)
  -> TX Attempts  : 12
  -> Packet Drops : 4 (33.3% Drop Rate)
  -> Average RTT  : 17.02 sec/packet
--------------------------------------------------


==================================================
🚀 NEW SESSION STARTED: 2026-03-11 12:19:07
==================================================
[12:19:40] TELEMETRY REPORT |
  -> Elapsed Time : 33.05 s
  -> Total Bytes  : 4434 B
  -> Goodput      : 1073.36 bps (1.07 kbps)
  -> TX Attempts  : 2
  -> Packet Drops : 0 (0.0% Drop Rate)
  -> Average RTT  : 6.28 sec/packet
--------------------------------------------------
[12:20:14] TELEMETRY REPORT |
  -> Elapsed Time : 66.83 s
  -> Total Bytes  : 8868 B
  -> Goodput      : 1061.60 bps (1.06 kbps)
  -> TX Attempts  : 5
  -> Packet Drops : 1 (20.0% Drop Rate)
  -> Average RTT  : 11.58 sec/packet
--------------------------------------------------
[12:20:35] TELEMETRY REPORT |
  -> Elapsed Time : 87.82 s
  -> Total Bytes  : 13302 B
  -> Goodput      : 1211.76 bps (1.21 kbps)
  -> TX Attempts  : 7
  -> Packet Drops : 1 (14.3% Drop Rate)
  -> Average RTT  : 11.22 sec/packet
--------------------------------------------------
[12:21:23] TELEMETRY REPORT |
  -> Elapsed Time : 136.65 s
  -> Total Bytes  : 17700 B
  -> Goodput      : 1036.25 bps (1.04 kbps)
  -> TX Attempts  : 11
  -> Packet Drops : 3 (27.3% Drop Rate)
  -> Average RTT  : 14.52 sec/packet
--------------------------------------------------


==================================================
🚀 NEW SESSION STARTED: 2026-03-11 12:24:17
==================================================


==================================================
🚀 NEW SESSION STARTED: 2026-03-11 12:28:41
==================================================


==================================================
🚀 NEW SESSION STARTED: 2026-03-11 12:38:44
==================================================


==================================================
🚀 NEW SESSION STARTED: 2026-03-11 13:07:01
==================================================


==================================================
🚀 NEW SESSION STARTED: 2026-03-11 13:10:07
==================================================


==================================================
🚀 NEW SESSION STARTED: 2026-03-11 13:11:53
==================================================


==================================================
🚀 NEW SESSION STARTED: 2026-03-11 13:17:50
==================================================


==================================================
🚀 NEW SESSION STARTED: 2026-03-11 13:21:46
==================================================


==================================================
🚀 NEW SESSION STARTED: 2026-03-11 13:38:38
==================================================


==================================================
🚀 NEW SESSION STARTED: 2026-03-11 13:40:33
==================================================


==================================================
🚀 NEW SESSION STARTED: 2026-03-11 13:46:17
==================================================


==================================================
🚀 NEW SESSION STARTED: 2026-03-11 13:50:29
==================================================


==================================================
🚀 NEW SESSION STARTED: 2026-03-11 13:52:18
==================================================


==================================================
🚀 NEW SESSION STARTED: 2026-03-11 14:00:46
==================================================


==================================================
🚀 NEW SESSION STARTED: 2026-03-11 14:01:32
==================================================


==================================================
🚀 NEW SESSION STARTED: 2026-03-11 14:04:33
==================================================


==================================================
🚀 NEW SESSION STARTED: 2026-03-11 14:06:50
==================================================


==================================================
🚀 NEW SESSION STARTED: 2026-03-11 14:20:55
==================================================


==================================================
🚀 NEW SESSION STARTED: 2026-03-11 14:30:07
==================================================
